Using pre-set license
Built from '2020.3/release' branch; Version is '2020.3.7f1 (dd97f2c94397) revision 14522354'; Using compiler version '192528614'; Build Type 'Release'
OS: 'Windows 10 Home; OS build 19044.2130; Version 2009; 64bit' Language: 'en' Physical Memory: 16253 MB
BatchMode: 1, IsHumanControllingUs: 0, StartBugReporterOnCrash: 0, Is64bit: 1, IsPro: 0

 COMMAND LINE ARGUMENTS:
C:\Program Files\Unity\Hub\Editor\2020.3.7f1\Editor\Unity.exe
-adb2
-batchMode
-noUpm
-name
AssetImportWorker0
-projectPath
C:/Users/arrin/Desktop/GitHub/Breakout-RPG/Breakout RPG
-logFile
Logs/AssetImportWorker0.log
-srvPort
54408
Successfully changed project path to: C:/Users/arrin/Desktop/GitHub/Breakout-RPG/Breakout RPG
C:/Users/arrin/Desktop/GitHub/Breakout-RPG/Breakout RPG
Using Asset Import Pipeline V2.
Refreshing native plugins compatible for Editor in 88.66 ms, found 1 plugins.
Preloading 0 native plugins for Editor in 0.00 ms.
Initialize engine version: 2020.3.7f1 (dd97f2c94397)
[Subsystems] Discovering subsystems at path C:/Program Files/Unity/Hub/Editor/2020.3.7f1/Editor/Data/Resources/UnitySubsystems
[Subsystems] Discovering subsystems at path C:/Users/arrin/Desktop/GitHub/Breakout-RPG/Breakout RPG/Assets
GfxDevice: creating device client; threaded=0
Direct3D:
    Version:  Direct3D 11.0 [level 11.1]
    Renderer: Intel(R) HD Graphics 620 (ID=0x5916)
    Vendor:   
    VRAM:     8126 MB
    Driver:   23.20.16.4973
Initialize mono
Mono path[0] = 'C:/Program Files/Unity/Hub/Editor/2020.3.7f1/Editor/Data/Managed'
Mono path[1] = 'C:/Program Files/Unity/Hub/Editor/2020.3.7f1/Editor/Data/MonoBleedingEdge/lib/mono/unityjit'
Mono config path = 'C:/Program Files/Unity/Hub/Editor/2020.3.7f1/Editor/Data/MonoBleedingEdge/etc'
Using monoOptions --debugger-agent=transport=dt_socket,embedding=1,server=y,suspend=n,address=127.0.0.1:56904
Begin MonoManager ReloadAssembly
Registering precompiled unity dll's ...
Register platform support module: C:/Program Files/Unity/Hub/Editor/2020.3.7f1/Editor/Data/PlaybackEngines/WebGLSupport/UnityEditor.WebGL.Extensions.dll
Register platform support module: C:/Program Files/Unity/Hub/Editor/2020.3.7f1/Editor/Data/PlaybackEngines/MacStandaloneSupport/UnityEditor.OSXStandalone.Extensions.dll
Register platform support module: C:/Program Files/Unity/Hub/Editor/2020.3.7f1/Editor/Data/PlaybackEngines/WindowsStandaloneSupport/UnityEditor.WindowsStandalone.Extensions.dll
Registered in 0.050283 seconds.
Native extension for WindowsStandalone target not found
Native extension for OSXStandalone target not found
Native extension for WebGL target not found
Refreshing native plugins compatible for Editor in 191.27 ms, found 1 plugins.
Preloading 0 native plugins for Editor in 0.00 ms.
Mono: successfully reloaded assembly
- Completed reload, in  3.116 seconds
Platform modules already initialized, skipping
Registering precompiled user dll's ...
Registered in 0.002802 seconds.
Begin MonoManager ReloadAssembly
Native extension for WindowsStandalone target not found
Native extension for OSXStandalone target not found
Native extension for WebGL target not found
Refreshing native plugins compatible for Editor in 65.86 ms, found 1 plugins.
Preloading 0 native plugins for Editor in 0.00 ms.
Mono: successfully reloaded assembly
- Completed reload, in  2.858 seconds
Platform modules already initialized, skipping
========================================================================
Worker process is ready to serve import requests
Launched and connected shader compiler UnityShaderCompiler.exe after 0.14 seconds
Refreshing native plugins compatible for Editor in 0.72 ms, found 1 plugins.
Preloading 0 native plugins for Editor in 0.00 ms.
Unloading 1811 Unused Serialized files (Serialized files now loaded: 0)
System memory in use before: 85.0 MB.
System memory in use after: 85.0 MB.

Unloading 24 unused Assets to reduce memory usage. Loaded Objects now: 2253.
Total: 4.714100 ms (FindLiveObjects: 0.300800 ms CreateObjectMapping: 0.214500 ms MarkObjects: 3.714100 ms  DeleteObjects: 0.481400 ms)

========================================================================
Received Import Request.
  path: Assets/testBall.cs
  artifactKey: Guid(aeb4865717ccc614d806d0c215dee6d0) Importer(815301076,1909f56bfc062723c751e8b465ee728b)
Start importing Assets/testBall.cs using Guid(aeb4865717ccc614d806d0c215dee6d0) Importer(815301076,1909f56bfc062723c751e8b465ee728b)  -> (artifact id: '56baa2b82287cd40556089ea6596cc77') in 0.185793 seconds
  Import took 0.192860 seconds .

========================================================================
Received Import Request.
  Time since last request: 320.186086 seconds.
  path: Assets/testBall.cs
  artifactKey: Guid(aeb4865717ccc614d806d0c215dee6d0) Importer(815301076,1909f56bfc062723c751e8b465ee728b)
Start importing Assets/testBall.cs using Guid(aeb4865717ccc614d806d0c215dee6d0) Importer(815301076,1909f56bfc062723c751e8b465ee728b)  -> (artifact id: '4b7eb3a12c24e371f64683622f3630a5') in 0.012567 seconds
  Import took 0.018332 seconds .

========================================================================
Received Import Request.
  Time since last request: 62.822352 seconds.
  path: Assets/testBall.cs
  artifactKey: Guid(aeb4865717ccc614d806d0c215dee6d0) Importer(815301076,1909f56bfc062723c751e8b465ee728b)
Start importing Assets/testBall.cs using Guid(aeb4865717ccc614d806d0c215dee6d0) Importer(815301076,1909f56bfc062723c751e8b465ee728b)  -> (artifact id: 'b59e0317a8a878a0011b61ab049caa99') in 0.010237 seconds
  Import took 0.015279 seconds .

========================================================================
Received Prepare
Registering precompiled user dll's ...
Registered in 0.001819 seconds.
Begin MonoManager ReloadAssembly
Native extension for WindowsStandalone target not found
Native extension for OSXStandalone target not found
Native extension for WebGL target not found
Refreshing native plugins compatible for Editor in 0.36 ms, found 1 plugins.
Preloading 0 native plugins for Editor in 0.00 ms.
Mono: successfully reloaded assembly
- Completed reload, in  1.374 seconds
Platform modules already initialized, skipping
Refreshing native plugins compatible for Editor in 0.51 ms, found 1 plugins.
Preloading 0 native plugins for Editor in 0.00 ms.
Unloading 1806 Unused Serialized files (Serialized files now loaded: 0)
System memory in use before: 85.0 MB.
System memory in use after: 85.0 MB.

Unloading 12 unused Assets to reduce memory usage. Loaded Objects now: 2257.
Total: 3.386800 ms (FindLiveObjects: 0.473900 ms CreateObjectMapping: 0.122600 ms MarkObjects: 2.543900 ms  DeleteObjects: 0.238000 ms)

========================================================================
Received Prepare
Registering precompiled user dll's ...
Registered in 0.006053 seconds.
Begin MonoManager ReloadAssembly
Native extension for WindowsStandalone target not found
Native extension for OSXStandalone target not found
Native extension for WebGL target not found
Refreshing native plugins compatible for Editor in 0.42 ms, found 1 plugins.
Preloading 0 native plugins for Editor in 0.00 ms.
Mono: successfully reloaded assembly
- Completed reload, in  1.570 seconds
Platform modules already initialized, skipping
Refreshing native plugins compatible for Editor in 0.63 ms, found 1 plugins.
Preloading 0 native plugins for Editor in 0.00 ms.
Unloading 1806 Unused Serialized files (Serialized files now loaded: 0)
System memory in use before: 85.0 MB.
System memory in use after: 85.0 MB.

Unloading 12 unused Assets to reduce memory usage. Loaded Objects now: 2261.
Total: 3.505100 ms (FindLiveObjects: 0.369500 ms CreateObjectMapping: 0.282800 ms MarkObjects: 2.720100 ms  DeleteObjects: 0.131200 ms)

========================================================================
Received Import Request.
  Time since last request: 37.597418 seconds.
  path: Assets/testBall.cs
  artifactKey: Guid(aeb4865717ccc614d806d0c215dee6d0) Importer(815301076,1909f56bfc062723c751e8b465ee728b)
Start importing Assets/testBall.cs using Guid(aeb4865717ccc614d806d0c215dee6d0) Importer(815301076,1909f56bfc062723c751e8b465ee728b)  -> (artifact id: '46ba96abfa6143a770c56b478b9e4a13') in 0.010054 seconds
  Import took 0.014133 seconds .

========================================================================
Received Import Request.
  Time since last request: 0.001948 seconds.
  path: Assets/testBall.cs
  artifactKey: Guid(aeb4865717ccc614d806d0c215dee6d0) Importer(815301076,1909f56bfc062723c751e8b465ee728b)
Start importing Assets/testBall.cs using Guid(aeb4865717ccc614d806d0c215dee6d0) Importer(815301076,1909f56bfc062723c751e8b465ee728b)  -> (artifact id: '46ba96abfa6143a770c56b478b9e4a13') in 0.007485 seconds
  Import took 0.011796 seconds .

========================================================================
Received Prepare
Registering precompiled user dll's ...
Registered in 0.001725 seconds.
Begin MonoManager ReloadAssembly
Native extension for WindowsStandalone target not found
Native extension for OSXStandalone target not found
Native extension for WebGL target not found
Refreshing native plugins compatible for Editor in 0.76 ms, found 1 plugins.
Preloading 0 native plugins for Editor in 0.00 ms.
Mono: successfully reloaded assembly
- Completed reload, in  2.800 seconds
Platform modules already initialized, skipping
Refreshing native plugins compatible for Editor in 0.47 ms, found 1 plugins.
Preloading 0 native plugins for Editor in 0.00 ms.
Unloading 1806 Unused Serialized files (Serialized files now loaded: 0)
System memory in use before: 85.0 MB.
System memory in use after: 85.0 MB.

Unloading 12 unused Assets to reduce memory usage. Loaded Objects now: 2265.
Total: 6.648400 ms (FindLiveObjects: 0.559000 ms CreateObjectMapping: 0.258200 ms MarkObjects: 5.684800 ms  DeleteObjects: 0.144400 ms)

========================================================================
Received Prepare
Registering precompiled user dll's ...
Registered in 0.001312 seconds.
Begin MonoManager ReloadAssembly
Native extension for WindowsStandalone target not found
Native extension for OSXStandalone target not found
Native extension for WebGL target not found
Refreshing native plugins compatible for Editor in 0.50 ms, found 1 plugins.
Preloading 0 native plugins for Editor in 0.00 ms.
Mono: successfully reloaded assembly
- Completed reload, in  1.599 seconds
Platform modules already initialized, skipping
Refreshing native plugins compatible for Editor in 0.38 ms, found 1 plugins.
Preloading 0 native plugins for Editor in 0.00 ms.
Unloading 1806 Unused Serialized files (Serialized files now loaded: 0)
System memory in use before: 85.1 MB.
System memory in use after: 85.0 MB.

Unloading 12 unused Assets to reduce memory usage. Loaded Objects now: 2269.
Total: 4.639400 ms (FindLiveObjects: 0.654500 ms CreateObjectMapping: 0.128300 ms MarkObjects: 3.731100 ms  DeleteObjects: 0.124100 ms)

========================================================================
Received Import Request.
  Time since last request: 88.044630 seconds.
  path: Assets/testBall.cs
  artifactKey: Guid(aeb4865717ccc614d806d0c215dee6d0) Importer(815301076,1909f56bfc062723c751e8b465ee728b)
Start importing Assets/testBall.cs using Guid(aeb4865717ccc614d806d0c215dee6d0) Importer(815301076,1909f56bfc062723c751e8b465ee728b)  -> (artifact id: '472bce7726c38cc165dd9b461ac9c5c4') in 0.015007 seconds
  Import took 0.018712 seconds .

========================================================================
Received Import Request.
  Time since last request: 0.001176 seconds.
  path: Assets/testBall.cs
  artifactKey: Guid(aeb4865717ccc614d806d0c215dee6d0) Importer(815301076,1909f56bfc062723c751e8b465ee728b)
Start importing Assets/testBall.cs using Guid(aeb4865717ccc614d806d0c215dee6d0) Importer(815301076,1909f56bfc062723c751e8b465ee728b)  -> (artifact id: '472bce7726c38cc165dd9b461ac9c5c4') in 0.027134 seconds
  Import took 0.030716 seconds .

========================================================================
Received Prepare
Registering precompiled user dll's ...
Registered in 0.002700 seconds.
Begin MonoManager ReloadAssembly
Native extension for WindowsStandalone target not found
Native extension for OSXStandalone target not found
Native extension for WebGL target not found
Refreshing native plugins compatible for Editor in 0.42 ms, found 1 plugins.
Preloading 0 native plugins for Editor in 0.00 ms.
Mono: successfully reloaded assembly
- Completed reload, in  1.590 seconds
Platform modules already initialized, skipping
Refreshing native plugins compatible for Editor in 1.09 ms, found 1 plugins.
Preloading 0 native plugins for Editor in 0.00 ms.
Unloading 1806 Unused Serialized files (Serialized files now loaded: 0)
System memory in use before: 85.1 MB.
System memory in use after: 85.0 MB.

Unloading 12 unused Assets to reduce memory usage. Loaded Objects now: 2273.
Total: 4.626200 ms (FindLiveObjects: 0.661100 ms CreateObjectMapping: 0.408700 ms MarkObjects: 3.436500 ms  DeleteObjects: 0.118500 ms)

========================================================================
Received Import Request.
  Time since last request: 104.925147 seconds.
  path: Assets/testBall.cs
  artifactKey: Guid(aeb4865717ccc614d806d0c215dee6d0) Importer(815301076,1909f56bfc062723c751e8b465ee728b)
Start importing Assets/testBall.cs using Guid(aeb4865717ccc614d806d0c215dee6d0) Importer(815301076,1909f56bfc062723c751e8b465ee728b)  -> (artifact id: '77c5fa06edae028cc310f356a69e02c7') in 0.010597 seconds
  Import took 0.014681 seconds .

========================================================================
Received Import Request.
  Time since last request: 0.003198 seconds.
  path: Assets/testBall.cs
  artifactKey: Guid(aeb4865717ccc614d806d0c215dee6d0) Importer(815301076,1909f56bfc062723c751e8b465ee728b)
Start importing Assets/testBall.cs using Guid(aeb4865717ccc614d806d0c215dee6d0) Importer(815301076,1909f56bfc062723c751e8b465ee728b)  -> (artifact id: '77c5fa06edae028cc310f356a69e02c7') in 0.007103 seconds
  Import took 0.011467 seconds .

========================================================================
Received Prepare
Registering precompiled user dll's ...
Registered in 0.001346 seconds.
Begin MonoManager ReloadAssembly
Native extension for WindowsStandalone target not found
Native extension for OSXStandalone target not found
Native extension for WebGL target not found
Refreshing native plugins compatible for Editor in 0.55 ms, found 1 plugins.
Preloading 0 native plugins for Editor in 0.00 ms.
Mono: successfully reloaded assembly
- Completed reload, in  1.556 seconds
Platform modules already initialized, skipping
Refreshing native plugins compatible for Editor in 0.49 ms, found 1 plugins.
Preloading 0 native plugins for Editor in 0.00 ms.
Unloading 1806 Unused Serialized files (Serialized files now loaded: 0)
System memory in use before: 85.1 MB.
System memory in use after: 85.1 MB.

Unloading 12 unused Assets to reduce memory usage. Loaded Objects now: 2277.
Total: 3.476800 ms (FindLiveObjects: 0.420200 ms CreateObjectMapping: 0.113600 ms MarkObjects: 2.801200 ms  DeleteObjects: 0.139700 ms)

========================================================================
Received Import Request.
  Time since last request: 24.938860 seconds.
  path: Assets/testBall.cs
  artifactKey: Guid(aeb4865717ccc614d806d0c215dee6d0) Importer(815301076,1909f56bfc062723c751e8b465ee728b)
Start importing Assets/testBall.cs using Guid(aeb4865717ccc614d806d0c215dee6d0) Importer(815301076,1909f56bfc062723c751e8b465ee728b)  -> (artifact id: 'ac122bf5a31a62f8f2db44f75e0e9669') in 0.016190 seconds
  Import took 0.025193 seconds .

========================================================================
Received Import Request.
  Time since last request: 0.074360 seconds.
  path: Assets/testBall.cs
  artifactKey: Guid(aeb4865717ccc614d806d0c215dee6d0) Importer(815301076,1909f56bfc062723c751e8b465ee728b)
Start importing Assets/testBall.cs using Guid(aeb4865717ccc614d806d0c215dee6d0) Importer(815301076,1909f56bfc062723c751e8b465ee728b)  -> (artifact id: 'ac122bf5a31a62f8f2db44f75e0e9669') in 0.013947 seconds
  Import took 0.020319 seconds .

========================================================================
Received Prepare
Registering precompiled user dll's ...
Registered in 0.001618 seconds.
Begin MonoManager ReloadAssembly
Native extension for WindowsStandalone target not found
Native extension for OSXStandalone target not found
Native extension for WebGL target not found
Refreshing native plugins compatible for Editor in 0.52 ms, found 1 plugins.
Preloading 0 native plugins for Editor in 0.00 ms.
Mono: successfully reloaded assembly
- Completed reload, in  2.606 seconds
Platform modules already initialized, skipping
Refreshing native plugins compatible for Editor in 0.61 ms, found 1 plugins.
Preloading 0 native plugins for Editor in 0.00 ms.
Unloading 1806 Unused Serialized files (Serialized files now loaded: 0)
System memory in use before: 85.1 MB.
System memory in use after: 85.1 MB.

Unloading 12 unused Assets to reduce memory usage. Loaded Objects now: 2281.
Total: 4.095900 ms (FindLiveObjects: 0.402600 ms CreateObjectMapping: 0.163900 ms MarkObjects: 3.295100 ms  DeleteObjects: 0.232900 ms)

========================================================================
Received Prepare
Registering precompiled user dll's ...
Registered in 0.001481 seconds.
Begin MonoManager ReloadAssembly
Native extension for WindowsStandalone target not found
Native extension for OSXStandalone target not found
Native extension for WebGL target not found
Refreshing native plugins compatible for Editor in 3.45 ms, found 1 plugins.
Preloading 0 native plugins for Editor in 0.00 ms.
Mono: successfully reloaded assembly
- Completed reload, in  5.583 seconds
Platform modules already initialized, skipping
Refreshing native plugins compatible for Editor in 1.69 ms, found 1 plugins.
Preloading 0 native plugins for Editor in 0.00 ms.
Unloading 1806 Unused Serialized files (Serialized files now loaded: 0)
System memory in use before: 85.1 MB.
System memory in use after: 85.1 MB.

Unloading 12 unused Assets to reduce memory usage. Loaded Objects now: 2285.
Total: 5.704400 ms (FindLiveObjects: 0.715800 ms CreateObjectMapping: 0.457400 ms MarkObjects: 4.280300 ms  DeleteObjects: 0.248000 ms)

========================================================================
Received Prepare
Registering precompiled user dll's ...
Registered in 0.002014 seconds.
Begin MonoManager ReloadAssembly
Native extension for WindowsStandalone target not found
Native extension for OSXStandalone target not found
Native extension for WebGL target not found
Refreshing native plugins compatible for Editor in 0.54 ms, found 1 plugins.
Preloading 0 native plugins for Editor in 0.00 ms.
Mono: successfully reloaded assembly
- Completed reload, in  2.830 seconds
Platform modules already initialized, skipping
Refreshing native plugins compatible for Editor in 0.46 ms, found 1 plugins.
Preloading 0 native plugins for Editor in 0.00 ms.
Unloading 1806 Unused Serialized files (Serialized files now loaded: 0)
System memory in use before: 85.1 MB.
System memory in use after: 85.1 MB.

Unloading 12 unused Assets to reduce memory usage. Loaded Objects now: 2289.
Total: 3.756500 ms (FindLiveObjects: 0.301400 ms CreateObjectMapping: 0.122300 ms MarkObjects: 3.074600 ms  DeleteObjects: 0.255100 ms)

========================================================================
Received Import Request.
  Time since last request: 318.370763 seconds.
  path: Assets/brickManager.cs
  artifactKey: Guid(2c9a244120c907c4ca988974bfa73cdf) Importer(815301076,1909f56bfc062723c751e8b465ee728b)
Start importing Assets/brickManager.cs using Guid(2c9a244120c907c4ca988974bfa73cdf) Importer(815301076,1909f56bfc062723c751e8b465ee728b)  -> (artifact id: '3e23b35a057e1612135425deba4c6916') in 0.025805 seconds
  Import took 0.033186 seconds .

========================================================================
Received Prepare
Registering precompiled user dll's ...
Registered in 0.001670 seconds.
Begin MonoManager ReloadAssembly
Native extension for WindowsStandalone target not found
Native extension for OSXStandalone target not found
Native extension for WebGL target not found
Refreshing native plugins compatible for Editor in 0.35 ms, found 1 plugins.
Preloading 0 native plugins for Editor in 0.00 ms.
Mono: successfully reloaded assembly
- Completed reload, in  2.199 seconds
Platform modules already initialized, skipping
Refreshing native plugins compatible for Editor in 0.42 ms, found 1 plugins.
Preloading 0 native plugins for Editor in 0.00 ms.
Unloading 1807 Unused Serialized files (Serialized files now loaded: 0)
System memory in use before: 85.1 MB.
System memory in use after: 85.1 MB.

Unloading 12 unused Assets to reduce memory usage. Loaded Objects now: 2294.
Total: 4.502500 ms (FindLiveObjects: 0.236700 ms CreateObjectMapping: 0.073000 ms MarkObjects: 3.305800 ms  DeleteObjects: 0.884800 ms)

========================================================================
Received Prepare
Registering precompiled user dll's ...
Registered in 0.002716 seconds.
Begin MonoManager ReloadAssembly
Native extension for WindowsStandalone target not found
Native extension for OSXStandalone target not found
Native extension for WebGL target not found
Refreshing native plugins compatible for Editor in 0.64 ms, found 1 plugins.
Preloading 0 native plugins for Editor in 0.00 ms.
Mono: successfully reloaded assembly
- Completed reload, in  1.587 seconds
Platform modules already initialized, skipping
Refreshing native plugins compatible for Editor in 0.76 ms, found 1 plugins.
Preloading 0 native plugins for Editor in 0.00 ms.
Unloading 1807 Unused Serialized files (Serialized files now loaded: 0)
System memory in use before: 85.2 MB.
System memory in use after: 85.1 MB.

Unloading 12 unused Assets to reduce memory usage. Loaded Objects now: 2298.
Total: 4.936700 ms (FindLiveObjects: 0.878600 ms CreateObjectMapping: 0.419600 ms MarkObjects: 3.414600 ms  DeleteObjects: 0.221400 ms)

========================================================================
Received Import Request.
  Time since last request: 50.680741 seconds.
  path: Assets/brickManager.cs
  artifactKey: Guid(2c9a244120c907c4ca988974bfa73cdf) Importer(815301076,1909f56bfc062723c751e8b465ee728b)
Start importing Assets/brickManager.cs using Guid(2c9a244120c907c4ca988974bfa73cdf) Importer(815301076,1909f56bfc062723c751e8b465ee728b)  -> (artifact id: '4350108cac9a665c08d017e253f0ead9') in 0.011607 seconds
  Import took 0.015820 seconds .

========================================================================
Received Import Request.
  Time since last request: 0.015455 seconds.
  path: Assets/brickManager.cs
  artifactKey: Guid(2c9a244120c907c4ca988974bfa73cdf) Importer(815301076,1909f56bfc062723c751e8b465ee728b)
Start importing Assets/brickManager.cs using Guid(2c9a244120c907c4ca988974bfa73cdf) Importer(815301076,1909f56bfc062723c751e8b465ee728b)  -> (artifact id: '4350108cac9a665c08d017e253f0ead9') in 0.009511 seconds
  Import took 0.013531 seconds .

========================================================================
Received Prepare
Registering precompiled user dll's ...
Registered in 0.002319 seconds.
Begin MonoManager ReloadAssembly
Native extension for WindowsStandalone target not found
Native extension for OSXStandalone target not found
Native extension for WebGL target not found
Refreshing native plugins compatible for Editor in 0.72 ms, found 1 plugins.
Preloading 0 native plugins for Editor in 0.00 ms.
Mono: successfully reloaded assembly
- Completed reload, in  1.886 seconds
Platform modules already initialized, skipping
Refreshing native plugins compatible for Editor in 0.75 ms, found 1 plugins.
Preloading 0 native plugins for Editor in 0.00 ms.
Unloading 1807 Unused Serialized files (Serialized files now loaded: 0)
System memory in use before: 85.2 MB.
System memory in use after: 85.1 MB.

Unloading 12 unused Assets to reduce memory usage. Loaded Objects now: 2302.
Total: 8.900500 ms (FindLiveObjects: 0.652200 ms CreateObjectMapping: 0.281100 ms MarkObjects: 7.596300 ms  DeleteObjects: 0.366700 ms)

========================================================================
Received Prepare
Registering precompiled user dll's ...
Registered in 0.001490 seconds.
Begin MonoManager ReloadAssembly
Native extension for WindowsStandalone target not found
Native extension for OSXStandalone target not found
Native extension for WebGL target not found
Refreshing native plugins compatible for Editor in 0.77 ms, found 1 plugins.
Preloading 0 native plugins for Editor in 0.00 ms.
Mono: successfully reloaded assembly
- Completed reload, in  2.643 seconds
Platform modules already initialized, skipping
Refreshing native plugins compatible for Editor in 0.39 ms, found 1 plugins.
Preloading 0 native plugins for Editor in 0.00 ms.
Unloading 1807 Unused Serialized files (Serialized files now loaded: 0)
System memory in use before: 85.2 MB.
System memory in use after: 85.1 MB.

Unloading 12 unused Assets to reduce memory usage. Loaded Objects now: 2306.
Total: 3.296600 ms (FindLiveObjects: 0.251000 ms CreateObjectMapping: 0.421900 ms MarkObjects: 2.432800 ms  DeleteObjects: 0.189000 ms)

========================================================================
Received Prepare
Registering precompiled user dll's ...
Registered in 0.002103 seconds.
Begin MonoManager ReloadAssembly
Native extension for WindowsStandalone target not found
Native extension for OSXStandalone target not found
Native extension for WebGL target not found
Refreshing native plugins compatible for Editor in 0.57 ms, found 1 plugins.
Preloading 0 native plugins for Editor in 0.00 ms.
Mono: successfully reloaded assembly
- Completed reload, in  2.875 seconds
Platform modules already initialized, skipping
Refreshing native plugins compatible for Editor in 0.47 ms, found 1 plugins.
Preloading 0 native plugins for Editor in 0.00 ms.
Unloading 1807 Unused Serialized files (Serialized files now loaded: 0)
System memory in use before: 85.2 MB.
System memory in use after: 85.2 MB.

Unloading 12 unused Assets to reduce memory usage. Loaded Objects now: 2310.
Total: 3.552700 ms (FindLiveObjects: 0.221800 ms CreateObjectMapping: 0.098400 ms MarkObjects: 3.088300 ms  DeleteObjects: 0.142000 ms)

========================================================================
Received Prepare
Registering precompiled user dll's ...
Registered in 0.002145 seconds.
Begin MonoManager ReloadAssembly
Native extension for WindowsStandalone target not found
Native extension for OSXStandalone target not found
Native extension for WebGL target not found
Refreshing native plugins compatible for Editor in 0.62 ms, found 1 plugins.
Preloading 0 native plugins for Editor in 0.00 ms.
Mono: successfully reloaded assembly
- Completed reload, in  2.105 seconds
Platform modules already initialized, skipping
Refreshing native plugins compatible for Editor in 0.44 ms, found 1 plugins.
Preloading 0 native plugins for Editor in 0.00 ms.
Unloading 1807 Unused Serialized files (Serialized files now loaded: 0)
System memory in use before: 85.2 MB.
System memory in use after: 85.2 MB.

Unloading 12 unused Assets to reduce memory usage. Loaded Objects now: 2314.
Total: 4.178900 ms (FindLiveObjects: 0.725900 ms CreateObjectMapping: 0.139200 ms MarkObjects: 3.060200 ms  DeleteObjects: 0.234600 ms)

========================================================================
Received Prepare
Registering precompiled user dll's ...
Registered in 0.001469 seconds.
Begin MonoManager ReloadAssembly
Native extension for WindowsStandalone target not found
Native extension for OSXStandalone target not found
Native extension for WebGL target not found
Refreshing native plugins compatible for Editor in 0.39 ms, found 1 plugins.
Preloading 0 native plugins for Editor in 0.00 ms.
Mono: successfully reloaded assembly
- Completed reload, in  1.541 seconds
Platform modules already initialized, skipping
Refreshing native plugins compatible for Editor in 0.37 ms, found 1 plugins.
Preloading 0 native plugins for Editor in 0.00 ms.
Unloading 1807 Unused Serialized files (Serialized files now loaded: 0)
System memory in use before: 85.2 MB.
System memory in use after: 85.2 MB.

Unloading 12 unused Assets to reduce memory usage. Loaded Objects now: 2318.
Total: 2.653400 ms (FindLiveObjects: 0.221400 ms CreateObjectMapping: 0.114600 ms MarkObjects: 2.104900 ms  DeleteObjects: 0.211000 ms)

========================================================================
Received Prepare
Registering precompiled user dll's ...
Registered in 0.003714 seconds.
Begin MonoManager ReloadAssembly
Native extension for WindowsStandalone target not found
Native extension for OSXStandalone target not found
Native extension for WebGL target not found
Refreshing native plugins compatible for Editor in 1.21 ms, found 1 plugins.
Preloading 0 native plugins for Editor in 0.00 ms.
Mono: successfully reloaded assembly
- Completed reload, in  2.042 seconds
Platform modules already initialized, skipping
Refreshing native plugins compatible for Editor in 0.38 ms, found 1 plugins.
Preloading 0 native plugins for Editor in 0.00 ms.
Unloading 1807 Unused Serialized files (Serialized files now loaded: 0)
System memory in use before: 85.2 MB.
System memory in use after: 85.2 MB.

Unloading 12 unused Assets to reduce memory usage. Loaded Objects now: 2322.
Total: 3.539000 ms (FindLiveObjects: 0.485400 ms CreateObjectMapping: 0.197300 ms MarkObjects: 2.721600 ms  DeleteObjects: 0.132000 ms)

========================================================================
Received Prepare
Registering precompiled user dll's ...
Registered in 0.002167 seconds.
Begin MonoManager ReloadAssembly
Native extension for WindowsStandalone target not found
Native extension for OSXStandalone target not found
Native extension for WebGL target not found
Refreshing native plugins compatible for Editor in 0.59 ms, found 1 plugins.
Preloading 0 native plugins for Editor in 0.00 ms.
Mono: successfully reloaded assembly
- Completed reload, in  2.789 seconds
Platform modules already initialized, skipping
Refreshing native plugins compatible for Editor in 0.50 ms, found 1 plugins.
Preloading 0 native plugins for Editor in 0.00 ms.
Unloading 1807 Unused Serialized files (Serialized files now loaded: 0)
System memory in use before: 85.2 MB.
System memory in use after: 85.2 MB.

Unloading 12 unused Assets to reduce memory usage. Loaded Objects now: 2326.
Total: 6.125600 ms (FindLiveObjects: 1.090900 ms CreateObjectMapping: 0.264200 ms MarkObjects: 4.619900 ms  DeleteObjects: 0.148300 ms)

========================================================================
Received Prepare
Registering precompiled user dll's ...
Registered in 0.002432 seconds.
Begin MonoManager ReloadAssembly
Native extension for WindowsStandalone target not found
Native extension for OSXStandalone target not found
Native extension for WebGL target not found
Refreshing native plugins compatible for Editor in 0.67 ms, found 1 plugins.
Preloading 0 native plugins for Editor in 0.00 ms.
Mono: successfully reloaded assembly
- Completed reload, in  2.573 seconds
Platform modules already initialized, skipping
Refreshing native plugins compatible for Editor in 0.34 ms, found 1 plugins.
Preloading 0 native plugins for Editor in 0.00 ms.
Unloading 1807 Unused Serialized files (Serialized files now loaded: 0)
System memory in use before: 85.2 MB.
System memory in use after: 85.2 MB.

Unloading 12 unused Assets to reduce memory usage. Loaded Objects now: 2330.
Total: 3.187500 ms (FindLiveObjects: 0.199400 ms CreateObjectMapping: 0.058600 ms MarkObjects: 2.733400 ms  DeleteObjects: 0.194500 ms)

========================================================================
Received Prepare
Registering precompiled user dll's ...
Registered in 0.002552 seconds.
Begin MonoManager ReloadAssembly
Native extension for WindowsStandalone target not found
Native extension for OSXStandalone target not found
Native extension for WebGL target not found
Refreshing native plugins compatible for Editor in 0.80 ms, found 1 plugins.
Preloading 0 native plugins for Editor in 0.00 ms.
Mono: successfully reloaded assembly
- Completed reload, in  2.682 seconds
Platform modules already initialized, skipping
Refreshing native plugins compatible for Editor in 0.71 ms, found 1 plugins.
Preloading 0 native plugins for Editor in 0.00 ms.
Unloading 1807 Unused Serialized files (Serialized files now loaded: 0)
System memory in use before: 85.2 MB.
System memory in use after: 85.2 MB.

Unloading 12 unused Assets to reduce memory usage. Loaded Objects now: 2334.
Total: 2.649700 ms (FindLiveObjects: 0.349400 ms CreateObjectMapping: 0.122400 ms MarkObjects: 1.977900 ms  DeleteObjects: 0.198200 ms)

========================================================================
Received Prepare
Registering precompiled user dll's ...
Registered in 0.001993 seconds.
Begin MonoManager ReloadAssembly
Native extension for WindowsStandalone target not found
Native extension for OSXStandalone target not found
Native extension for WebGL target not found
Refreshing native plugins compatible for Editor in 0.44 ms, found 1 plugins.
Preloading 0 native plugins for Editor in 0.00 ms.
Mono: successfully reloaded assembly
- Completed reload, in  2.340 seconds
Platform modules already initialized, skipping
Refreshing native plugins compatible for Editor in 0.50 ms, found 1 plugins.
Preloading 0 native plugins for Editor in 0.00 ms.
Unloading 1807 Unused Serialized files (Serialized files now loaded: 0)
System memory in use before: 85.2 MB.
System memory in use after: 85.2 MB.

Unloading 12 unused Assets to reduce memory usage. Loaded Objects now: 2338.
Total: 4.661700 ms (FindLiveObjects: 0.353200 ms CreateObjectMapping: 0.112900 ms MarkObjects: 4.048500 ms  DeleteObjects: 0.144500 ms)

========================================================================
Received Prepare
Registering precompiled user dll's ...
Registered in 0.001357 seconds.
Begin MonoManager ReloadAssembly
Native extension for WindowsStandalone target not found
Native extension for OSXStandalone target not found
Native extension for WebGL target not found
Refreshing native plugins compatible for Editor in 0.44 ms, found 1 plugins.
Preloading 0 native plugins for Editor in 0.00 ms.
Mono: successfully reloaded assembly
- Completed reload, in  1.509 seconds
Platform modules already initialized, skipping
Refreshing native plugins compatible for Editor in 0.54 ms, found 1 plugins.
Preloading 0 native plugins for Editor in 0.00 ms.
Unloading 1807 Unused Serialized files (Serialized files now loaded: 0)
System memory in use before: 85.2 MB.
System memory in use after: 85.2 MB.

Unloading 12 unused Assets to reduce memory usage. Loaded Objects now: 2342.
Total: 3.515700 ms (FindLiveObjects: 0.572000 ms CreateObjectMapping: 0.193600 ms MarkObjects: 2.608400 ms  DeleteObjects: 0.140100 ms)

========================================================================
Received Prepare
Registering precompiled user dll's ...
Registered in 0.003991 seconds.
Begin MonoManager ReloadAssembly
Native extension for WindowsStandalone target not found
Native extension for OSXStandalone target not found
Native extension for WebGL target not found
Refreshing native plugins compatible for Editor in 0.48 ms, found 1 plugins.
Preloading 0 native plugins for Editor in 0.00 ms.
Mono: successfully reloaded assembly
- Completed reload, in  2.781 seconds
Platform modules already initialized, skipping
Refreshing native plugins compatible for Editor in 0.43 ms, found 1 plugins.
Preloading 0 native plugins for Editor in 0.00 ms.
Unloading 1807 Unused Serialized files (Serialized files now loaded: 0)
System memory in use before: 85.3 MB.
System memory in use after: 85.2 MB.

Unloading 12 unused Assets to reduce memory usage. Loaded Objects now: 2346.
Total: 2.327500 ms (FindLiveObjects: 0.291000 ms CreateObjectMapping: 0.119400 ms MarkObjects: 1.770200 ms  DeleteObjects: 0.145200 ms)

========================================================================
Received Import Request.
  Time since last request: 1638.818093 seconds.
  path: Assets/TurnManager.cs
  artifactKey: Guid(0d93900e7ce38044d962a98b1ee18697) Importer(815301076,1909f56bfc062723c751e8b465ee728b)
Start importing Assets/TurnManager.cs using Guid(0d93900e7ce38044d962a98b1ee18697) Importer(815301076,1909f56bfc062723c751e8b465ee728b)  -> (artifact id: '066e9ebcac440dd1df236092ddc7bfc4') in 0.083444 seconds
  Import took 0.089966 seconds .

========================================================================
Received Prepare
Registering precompiled user dll's ...
Registered in 0.001988 seconds.
Begin MonoManager ReloadAssembly
Native extension for WindowsStandalone target not found
Native extension for OSXStandalone target not found
Native extension for WebGL target not found
Refreshing native plugins compatible for Editor in 0.36 ms, found 1 plugins.
Preloading 0 native plugins for Editor in 0.00 ms.
Mono: successfully reloaded assembly
- Completed reload, in  1.423 seconds
Platform modules already initialized, skipping
Refreshing native plugins compatible for Editor in 0.43 ms, found 1 plugins.
Preloading 0 native plugins for Editor in 0.00 ms.
Unloading 1808 Unused Serialized files (Serialized files now loaded: 0)
System memory in use before: 85.3 MB.
System memory in use after: 85.3 MB.

Unloading 12 unused Assets to reduce memory usage. Loaded Objects now: 2351.
Total: 3.704500 ms (FindLiveObjects: 0.206000 ms CreateObjectMapping: 0.081200 ms MarkObjects: 3.287600 ms  DeleteObjects: 0.128300 ms)

========================================================================
Received Import Request.
  Time since last request: 8.108314 seconds.
  path: Assets/brickManager.cs
  artifactKey: Guid(2c9a244120c907c4ca988974bfa73cdf) Importer(815301076,1909f56bfc062723c751e8b465ee728b)
Start importing Assets/brickManager.cs using Guid(2c9a244120c907c4ca988974bfa73cdf) Importer(815301076,1909f56bfc062723c751e8b465ee728b)  -> (artifact id: '67011185a87d0fe7d06edb62dba035bd') in 0.030598 seconds
  Import took 0.036350 seconds .

========================================================================
Received Import Request.
  Time since last request: 1.430964 seconds.
  path: Assets/BrickManager.cs
  artifactKey: Guid(2c9a244120c907c4ca988974bfa73cdf) Importer(815301076,1909f56bfc062723c751e8b465ee728b)
Start importing Assets/BrickManager.cs using Guid(2c9a244120c907c4ca988974bfa73cdf) Importer(815301076,1909f56bfc062723c751e8b465ee728b)  -> (artifact id: '3a5f52965509c82a697dc7398daea721') in 0.023840 seconds
  Import took 0.032487 seconds .

========================================================================
Received Prepare
Registering precompiled user dll's ...
Registered in 0.002104 seconds.
Begin MonoManager ReloadAssembly
Native extension for WindowsStandalone target not found
Native extension for OSXStandalone target not found
Native extension for WebGL target not found
Refreshing native plugins compatible for Editor in 0.41 ms, found 1 plugins.
Preloading 0 native plugins for Editor in 0.00 ms.
Mono: successfully reloaded assembly
- Completed reload, in  1.714 seconds
Platform modules already initialized, skipping
Refreshing native plugins compatible for Editor in 0.39 ms, found 1 plugins.
Preloading 0 native plugins for Editor in 0.00 ms.
Unloading 1808 Unused Serialized files (Serialized files now loaded: 0)
System memory in use before: 85.3 MB.
System memory in use after: 85.3 MB.

Unloading 12 unused Assets to reduce memory usage. Loaded Objects now: 2355.
Total: 4.189400 ms (FindLiveObjects: 0.460900 ms CreateObjectMapping: 0.167700 ms MarkObjects: 3.379700 ms  DeleteObjects: 0.178100 ms)

========================================================================
Received Prepare
Registering precompiled user dll's ...
Registered in 0.007579 seconds.
Begin MonoManager ReloadAssembly
Native extension for WindowsStandalone target not found
Native extension for OSXStandalone target not found
Native extension for WebGL target not found
Refreshing native plugins compatible for Editor in 2.22 ms, found 1 plugins.
Preloading 0 native plugins for Editor in 0.00 ms.
Mono: successfully reloaded assembly
- Completed reload, in  2.800 seconds
Platform modules already initialized, skipping
Refreshing native plugins compatible for Editor in 0.88 ms, found 1 plugins.
Preloading 0 native plugins for Editor in 0.00 ms.
Unloading 1808 Unused Serialized files (Serialized files now loaded: 0)
System memory in use before: 85.3 MB.
System memory in use after: 85.3 MB.

Unloading 12 unused Assets to reduce memory usage. Loaded Objects now: 2359.
Total: 4.894200 ms (FindLiveObjects: 0.324900 ms CreateObjectMapping: 0.191600 ms MarkObjects: 4.129900 ms  DeleteObjects: 0.237800 ms)

========================================================================
Received Import Request.
  Time since last request: 30.270477 seconds.
  path: Assets/BrickManager.cs
  artifactKey: Guid(2c9a244120c907c4ca988974bfa73cdf) Importer(815301076,1909f56bfc062723c751e8b465ee728b)
Start importing Assets/BrickManager.cs using Guid(2c9a244120c907c4ca988974bfa73cdf) Importer(815301076,1909f56bfc062723c751e8b465ee728b)  -> (artifact id: '5e03fc84fa4617acb22c4dfd8f566a99') in 0.016527 seconds
  Import took 0.024780 seconds .

========================================================================
Received Import Request.
  Time since last request: 0.014477 seconds.
  path: Assets/BrickManager.cs
  artifactKey: Guid(2c9a244120c907c4ca988974bfa73cdf) Importer(815301076,1909f56bfc062723c751e8b465ee728b)
Start importing Assets/BrickManager.cs using Guid(2c9a244120c907c4ca988974bfa73cdf) Importer(815301076,1909f56bfc062723c751e8b465ee728b)  -> (artifact id: '5e03fc84fa4617acb22c4dfd8f566a99') in 0.008670 seconds
  Import took 0.015001 seconds .

========================================================================
Received Prepare
Registering precompiled user dll's ...
Registered in 0.001419 seconds.
Begin MonoManager ReloadAssembly
Native extension for WindowsStandalone target not found
Native extension for OSXStandalone target not found
Native extension for WebGL target not found
Refreshing native plugins compatible for Editor in 0.67 ms, found 1 plugins.
Preloading 0 native plugins for Editor in 0.00 ms.
Mono: successfully reloaded assembly
- Completed reload, in  2.142 seconds
Platform modules already initialized, skipping
Refreshing native plugins compatible for Editor in 0.74 ms, found 1 plugins.
Preloading 0 native plugins for Editor in 0.00 ms.
Unloading 1808 Unused Serialized files (Serialized files now loaded: 0)
System memory in use before: 85.3 MB.
System memory in use after: 85.3 MB.

Unloading 12 unused Assets to reduce memory usage. Loaded Objects now: 2363.
Total: 3.620600 ms (FindLiveObjects: 0.691600 ms CreateObjectMapping: 0.195800 ms MarkObjects: 2.562100 ms  DeleteObjects: 0.148700 ms)

========================================================================
Received Prepare
Registering precompiled user dll's ...
Registered in 0.002446 seconds.
Begin MonoManager ReloadAssembly
Native extension for WindowsStandalone target not found
Native extension for OSXStandalone target not found
Native extension for WebGL target not found
Refreshing native plugins compatible for Editor in 0.34 ms, found 1 plugins.
Preloading 0 native plugins for Editor in 0.00 ms.
Mono: successfully reloaded assembly
- Completed reload, in  1.219 seconds
Platform modules already initialized, skipping
Refreshing native plugins compatible for Editor in 0.34 ms, found 1 plugins.
Preloading 0 native plugins for Editor in 0.00 ms.
Unloading 1808 Unused Serialized files (Serialized files now loaded: 0)
System memory in use before: 85.3 MB.
System memory in use after: 85.3 MB.

Unloading 12 unused Assets to reduce memory usage. Loaded Objects now: 2367.
Total: 2.104000 ms (FindLiveObjects: 0.181600 ms CreateObjectMapping: 0.074300 ms MarkObjects: 1.699700 ms  DeleteObjects: 0.147600 ms)

========================================================================
Received Import Request.
  Time since last request: 223.789713 seconds.
  path: Assets/TurnManager.cs
  artifactKey: Guid(0d93900e7ce38044d962a98b1ee18697) Importer(815301076,1909f56bfc062723c751e8b465ee728b)
Start importing Assets/TurnManager.cs using Guid(0d93900e7ce38044d962a98b1ee18697) Importer(815301076,1909f56bfc062723c751e8b465ee728b)  -> (artifact id: '226abcef3d39b5658a321b46538a9731') in 0.013262 seconds
  Import took 0.017600 seconds .

========================================================================
Received Import Request.
  Time since last request: 0.048330 seconds.
  path: Assets/TurnManager.cs
  artifactKey: Guid(0d93900e7ce38044d962a98b1ee18697) Importer(815301076,1909f56bfc062723c751e8b465ee728b)
Start importing Assets/TurnManager.cs using Guid(0d93900e7ce38044d962a98b1ee18697) Importer(815301076,1909f56bfc062723c751e8b465ee728b)  -> (artifact id: '226abcef3d39b5658a321b46538a9731') in 0.009740 seconds
  Import took 0.013964 seconds .

========================================================================
Received Prepare
Registering precompiled user dll's ...
Registered in 0.001346 seconds.
Begin MonoManager ReloadAssembly
Native extension for WindowsStandalone target not found
Native extension for OSXStandalone target not found
Native extension for WebGL target not found
Refreshing native plugins compatible for Editor in 0.35 ms, found 1 plugins.
Preloading 0 native plugins for Editor in 0.00 ms.
Mono: successfully reloaded assembly
- Completed reload, in  2.042 seconds
Platform modules already initialized, skipping
Refreshing native plugins compatible for Editor in 0.34 ms, found 1 plugins.
Preloading 0 native plugins for Editor in 0.00 ms.
Unloading 1808 Unused Serialized files (Serialized files now loaded: 0)
System memory in use before: 85.3 MB.
System memory in use after: 85.3 MB.

Unloading 12 unused Assets to reduce memory usage. Loaded Objects now: 2371.
Total: 2.406300 ms (FindLiveObjects: 0.207800 ms CreateObjectMapping: 0.082100 ms MarkObjects: 1.965600 ms  DeleteObjects: 0.149400 ms)

========================================================================
Received Prepare
Registering precompiled user dll's ...
Registered in 0.001338 seconds.
Begin MonoManager ReloadAssembly
Native extension for WindowsStandalone target not found
Native extension for OSXStandalone target not found
Native extension for WebGL target not found
Refreshing native plugins compatible for Editor in 0.35 ms, found 1 plugins.
Preloading 0 native plugins for Editor in 0.00 ms.
Mono: successfully reloaded assembly
- Completed reload, in  1.133 seconds
Platform modules already initialized, skipping
Refreshing native plugins compatible for Editor in 0.33 ms, found 1 plugins.
Preloading 0 native plugins for Editor in 0.00 ms.
Unloading 1808 Unused Serialized files (Serialized files now loaded: 0)
System memory in use before: 85.3 MB.
System memory in use after: 85.3 MB.

Unloading 12 unused Assets to reduce memory usage. Loaded Objects now: 2375.
Total: 2.884500 ms (FindLiveObjects: 0.439000 ms CreateObjectMapping: 0.195800 ms MarkObjects: 2.125500 ms  DeleteObjects: 0.122700 ms)

========================================================================
Received Import Request.
  Time since last request: 72.959539 seconds.
  path: Assets/BrickManager.cs
  artifactKey: Guid(2c9a244120c907c4ca988974bfa73cdf) Importer(815301076,1909f56bfc062723c751e8b465ee728b)
Start importing Assets/BrickManager.cs using Guid(2c9a244120c907c4ca988974bfa73cdf) Importer(815301076,1909f56bfc062723c751e8b465ee728b)  -> (artifact id: '7fa10a035fb2afd97ab976d5e81d63b6') in 0.008685 seconds
  Import took 0.012151 seconds .

========================================================================
Received Prepare
Registering precompiled user dll's ...
Registered in 0.001367 seconds.
Begin MonoManager ReloadAssembly
Native extension for WindowsStandalone target not found
Native extension for OSXStandalone target not found
Native extension for WebGL target not found
Refreshing native plugins compatible for Editor in 0.35 ms, found 1 plugins.
Preloading 0 native plugins for Editor in 0.00 ms.
Mono: successfully reloaded assembly
- Completed reload, in  2.415 seconds
Platform modules already initialized, skipping
Refreshing native plugins compatible for Editor in 0.40 ms, found 1 plugins.
Preloading 0 native plugins for Editor in 0.00 ms.
Unloading 1808 Unused Serialized files (Serialized files now loaded: 0)
System memory in use before: 85.4 MB.
System memory in use after: 85.3 MB.

Unloading 12 unused Assets to reduce memory usage. Loaded Objects now: 2379.
Total: 3.268900 ms (FindLiveObjects: 0.229600 ms CreateObjectMapping: 0.137300 ms MarkObjects: 2.785800 ms  DeleteObjects: 0.114400 ms)

========================================================================
Received Import Request.
  Time since last request: 36.558361 seconds.
  path: Assets/TurnManager.cs
  artifactKey: Guid(0d93900e7ce38044d962a98b1ee18697) Importer(815301076,1909f56bfc062723c751e8b465ee728b)
Start importing Assets/TurnManager.cs using Guid(0d93900e7ce38044d962a98b1ee18697) Importer(815301076,1909f56bfc062723c751e8b465ee728b)  -> (artifact id: '3f27cb57c5c685e27d7cc88cc455e979') in 0.032635 seconds
  Import took 0.039707 seconds .

========================================================================
Received Import Request.
  Time since last request: 0.025479 seconds.
  path: Assets/TurnManager.cs
  artifactKey: Guid(0d93900e7ce38044d962a98b1ee18697) Importer(815301076,1909f56bfc062723c751e8b465ee728b)
Start importing Assets/TurnManager.cs using Guid(0d93900e7ce38044d962a98b1ee18697) Importer(815301076,1909f56bfc062723c751e8b465ee728b)  -> (artifact id: '3f27cb57c5c685e27d7cc88cc455e979') in 0.029739 seconds
  Import took 0.094071 seconds .

========================================================================
Received Prepare
Registering precompiled user dll's ...
Registered in 0.001887 seconds.
Begin MonoManager ReloadAssembly
Native extension for WindowsStandalone target not found
Native extension for OSXStandalone target not found
Native extension for WebGL target not found
Refreshing native plugins compatible for Editor in 0.41 ms, found 1 plugins.
Preloading 0 native plugins for Editor in 0.00 ms.
Mono: successfully reloaded assembly
- Completed reload, in  3.185 seconds
Platform modules already initialized, skipping
Refreshing native plugins compatible for Editor in 0.92 ms, found 1 plugins.
Preloading 0 native plugins for Editor in 0.00 ms.
Unloading 1808 Unused Serialized files (Serialized files now loaded: 0)
System memory in use before: 85.4 MB.
System memory in use after: 85.3 MB.

Unloading 12 unused Assets to reduce memory usage. Loaded Objects now: 2383.
Total: 5.341600 ms (FindLiveObjects: 0.380300 ms CreateObjectMapping: 0.127000 ms MarkObjects: 4.698500 ms  DeleteObjects: 0.133100 ms)

========================================================================
Received Prepare
Registering precompiled user dll's ...
Registered in 0.001325 seconds.
Begin MonoManager ReloadAssembly
Native extension for WindowsStandalone target not found
Native extension for OSXStandalone target not found
Native extension for WebGL target not found
Refreshing native plugins compatible for Editor in 0.87 ms, found 1 plugins.
Preloading 0 native plugins for Editor in 0.00 ms.
Mono: successfully reloaded assembly
- Completed reload, in  2.962 seconds
Platform modules already initialized, skipping
Refreshing native plugins compatible for Editor in 1.12 ms, found 1 plugins.
Preloading 0 native plugins for Editor in 0.00 ms.
Unloading 1808 Unused Serialized files (Serialized files now loaded: 0)
System memory in use before: 85.4 MB.
System memory in use after: 85.3 MB.

Unloading 12 unused Assets to reduce memory usage. Loaded Objects now: 2387.
Total: 5.753100 ms (FindLiveObjects: 0.827600 ms CreateObjectMapping: 0.250200 ms MarkObjects: 4.485300 ms  DeleteObjects: 0.187700 ms)

========================================================================
Received Prepare
Registering precompiled user dll's ...
Registered in 0.002345 seconds.
Begin MonoManager ReloadAssembly
Native extension for WindowsStandalone target not found
Native extension for OSXStandalone target not found
Native extension for WebGL target not found
Refreshing native plugins compatible for Editor in 0.48 ms, found 1 plugins.
Preloading 0 native plugins for Editor in 0.00 ms.
Mono: successfully reloaded assembly
- Completed reload, in  2.304 seconds
Platform modules already initialized, skipping
Refreshing native plugins compatible for Editor in 0.34 ms, found 1 plugins.
Preloading 0 native plugins for Editor in 0.00 ms.
Unloading 1808 Unused Serialized files (Serialized files now loaded: 0)
System memory in use before: 85.4 MB.
System memory in use after: 85.4 MB.

Unloading 12 unused Assets to reduce memory usage. Loaded Objects now: 2391.
Total: 2.685200 ms (FindLiveObjects: 0.242100 ms CreateObjectMapping: 0.106500 ms MarkObjects: 2.200700 ms  DeleteObjects: 0.134800 ms)

========================================================================
Received Prepare
Registering precompiled user dll's ...
Registered in 0.003096 seconds.
Begin MonoManager ReloadAssembly
Native extension for WindowsStandalone target not found
Native extension for OSXStandalone target not found
Native extension for WebGL target not found
Refreshing native plugins compatible for Editor in 0.58 ms, found 1 plugins.
Preloading 0 native plugins for Editor in 0.00 ms.
Mono: successfully reloaded assembly
- Completed reload, in  2.427 seconds
Platform modules already initialized, skipping
Refreshing native plugins compatible for Editor in 0.37 ms, found 1 plugins.
Preloading 0 native plugins for Editor in 0.00 ms.
Unloading 1808 Unused Serialized files (Serialized files now loaded: 0)
System memory in use before: 85.4 MB.
System memory in use after: 85.4 MB.

Unloading 12 unused Assets to reduce memory usage. Loaded Objects now: 2395.
Total: 2.159600 ms (FindLiveObjects: 0.236500 ms CreateObjectMapping: 0.090400 ms MarkObjects: 1.710100 ms  DeleteObjects: 0.121200 ms)

========================================================================
Received Prepare
Registering precompiled user dll's ...
Registered in 0.002607 seconds.
Begin MonoManager ReloadAssembly
Native extension for WindowsStandalone target not found
Native extension for OSXStandalone target not found
Native extension for WebGL target not found
Refreshing native plugins compatible for Editor in 0.35 ms, found 1 plugins.
Preloading 0 native plugins for Editor in 0.00 ms.
Mono: successfully reloaded assembly
- Completed reload, in  1.401 seconds
Platform modules already initialized, skipping
Refreshing native plugins compatible for Editor in 0.35 ms, found 1 plugins.
Preloading 0 native plugins for Editor in 0.00 ms.
Unloading 1808 Unused Serialized files (Serialized files now loaded: 0)
System memory in use before: 85.4 MB.
System memory in use after: 85.4 MB.

Unloading 12 unused Assets to reduce memory usage. Loaded Objects now: 2399.
Total: 2.537800 ms (FindLiveObjects: 0.193500 ms CreateObjectMapping: 0.210600 ms MarkObjects: 1.967800 ms  DeleteObjects: 0.164400 ms)

========================================================================
Received Prepare
Registering precompiled user dll's ...
Registered in 0.004457 seconds.
Begin MonoManager ReloadAssembly
Native extension for WindowsStandalone target not found
Native extension for OSXStandalone target not found
Native extension for WebGL target not found
Refreshing native plugins compatible for Editor in 0.38 ms, found 1 plugins.
Preloading 0 native plugins for Editor in 0.00 ms.
Mono: successfully reloaded assembly
- Completed reload, in  1.184 seconds
Platform modules already initialized, skipping
Refreshing native plugins compatible for Editor in 0.37 ms, found 1 plugins.
Preloading 0 native plugins for Editor in 0.00 ms.
Unloading 1808 Unused Serialized files (Serialized files now loaded: 0)
System memory in use before: 85.4 MB.
System memory in use after: 85.4 MB.

Unloading 12 unused Assets to reduce memory usage. Loaded Objects now: 2403.
Total: 2.453300 ms (FindLiveObjects: 0.212600 ms CreateObjectMapping: 0.061000 ms MarkObjects: 2.053400 ms  DeleteObjects: 0.125200 ms)

========================================================================
Received Prepare
Registering precompiled user dll's ...
Registered in 0.002319 seconds.
Begin MonoManager ReloadAssembly
Native extension for WindowsStandalone target not found
Native extension for OSXStandalone target not found
Native extension for WebGL target not found
Refreshing native plugins compatible for Editor in 0.36 ms, found 1 plugins.
Preloading 0 native plugins for Editor in 0.00 ms.
Mono: successfully reloaded assembly
- Completed reload, in  3.497 seconds
Platform modules already initialized, skipping
Refreshing native plugins compatible for Editor in 0.74 ms, found 1 plugins.
Preloading 0 native plugins for Editor in 0.00 ms.
Unloading 1808 Unused Serialized files (Serialized files now loaded: 0)
System memory in use before: 85.4 MB.
System memory in use after: 85.4 MB.

Unloading 12 unused Assets to reduce memory usage. Loaded Objects now: 2407.
Total: 8.939800 ms (FindLiveObjects: 3.736500 ms CreateObjectMapping: 0.321600 ms MarkObjects: 4.675100 ms  DeleteObjects: 0.203400 ms)

========================================================================
Received Prepare
Registering precompiled user dll's ...
Registered in 0.004920 seconds.
Begin MonoManager ReloadAssembly
Native extension for WindowsStandalone target not found
Native extension for OSXStandalone target not found
Native extension for WebGL target not found
Refreshing native plugins compatible for Editor in 0.66 ms, found 1 plugins.
Preloading 0 native plugins for Editor in 0.00 ms.
Mono: successfully reloaded assembly
- Completed reload, in  3.676 seconds
Platform modules already initialized, skipping
Refreshing native plugins compatible for Editor in 0.94 ms, found 1 plugins.
Preloading 0 native plugins for Editor in 0.00 ms.
Unloading 1808 Unused Serialized files (Serialized files now loaded: 0)
System memory in use before: 85.4 MB.
System memory in use after: 85.4 MB.

Unloading 12 unused Assets to reduce memory usage. Loaded Objects now: 2411.
Total: 5.090000 ms (FindLiveObjects: 0.607100 ms CreateObjectMapping: 0.171200 ms MarkObjects: 4.131500 ms  DeleteObjects: 0.178200 ms)

========================================================================
Received Prepare
Registering precompiled user dll's ...
Registered in 0.001926 seconds.
Begin MonoManager ReloadAssembly
Native extension for WindowsStandalone target not found
Native extension for OSXStandalone target not found
Native extension for WebGL target not found
Refreshing native plugins compatible for Editor in 0.39 ms, found 1 plugins.
Preloading 0 native plugins for Editor in 0.00 ms.
Mono: successfully reloaded assembly
- Completed reload, in  2.156 seconds
Platform modules already initialized, skipping
Refreshing native plugins compatible for Editor in 0.37 ms, found 1 plugins.
Preloading 0 native plugins for Editor in 0.00 ms.
Unloading 1808 Unused Serialized files (Serialized files now loaded: 0)
System memory in use before: 85.4 MB.
System memory in use after: 85.4 MB.

Unloading 12 unused Assets to reduce memory usage. Loaded Objects now: 2415.
Total: 2.993700 ms (FindLiveObjects: 0.175600 ms CreateObjectMapping: 0.071300 ms MarkObjects: 2.626000 ms  DeleteObjects: 0.117700 ms)

========================================================================
Received Prepare
Registering precompiled user dll's ...
Registered in 0.001906 seconds.
Begin MonoManager ReloadAssembly
Native extension for WindowsStandalone target not found
Native extension for OSXStandalone target not found
Native extension for WebGL target not found
Refreshing native plugins compatible for Editor in 0.39 ms, found 1 plugins.
Preloading 0 native plugins for Editor in 0.00 ms.
Mono: successfully reloaded assembly
- Completed reload, in  1.193 seconds
Platform modules already initialized, skipping
Refreshing native plugins compatible for Editor in 0.33 ms, found 1 plugins.
Preloading 0 native plugins for Editor in 0.00 ms.
Unloading 1808 Unused Serialized files (Serialized files now loaded: 0)
System memory in use before: 85.4 MB.
System memory in use after: 85.4 MB.

Unloading 12 unused Assets to reduce memory usage. Loaded Objects now: 2419.
Total: 2.480800 ms (FindLiveObjects: 0.346300 ms CreateObjectMapping: 0.129600 ms MarkObjects: 1.871000 ms  DeleteObjects: 0.132800 ms)

========================================================================
Received Prepare
Registering precompiled user dll's ...
Registered in 0.001445 seconds.
Begin MonoManager ReloadAssembly
Native extension for WindowsStandalone target not found
Native extension for OSXStandalone target not found
Native extension for WebGL target not found
Refreshing native plugins compatible for Editor in 0.78 ms, found 1 plugins.
Preloading 0 native plugins for Editor in 0.00 ms.
Mono: successfully reloaded assembly
- Completed reload, in  2.712 seconds
Platform modules already initialized, skipping
Refreshing native plugins compatible for Editor in 0.43 ms, found 1 plugins.
Preloading 0 native plugins for Editor in 0.00 ms.
Unloading 1808 Unused Serialized files (Serialized files now loaded: 0)
System memory in use before: 85.5 MB.
System memory in use after: 85.4 MB.

Unloading 12 unused Assets to reduce memory usage. Loaded Objects now: 2423.
Total: 4.287600 ms (FindLiveObjects: 0.456200 ms CreateObjectMapping: 0.169700 ms MarkObjects: 3.433100 ms  DeleteObjects: 0.227300 ms)

AssetImportWorkerClient::OnTransportError - code=2 error=End of file
